<?xml version="1.0" encoding="UTF-8"?>
<testng-results skipped="0" failed="0" total="1" passed="1">
  <reporter-output>
  </reporter-output>
  <suite name="Default suite" duration-ms="150626" started-at="2021-10-28T10:17:20Z" finished-at="2021-10-28T10:19:51Z">
    <groups>
      <group name="cucumber">
        <method signature="AbstractTestNGCucumberTests.feature(cucumber.api.testng.CucumberFeatureWrapper)[pri:0, instance:com.aires.runner.TestRunner@14c4973]" name="feature" class="cucumber.api.testng.AbstractTestNGCucumberTests"/>
      </group> <!-- cucumber -->
    </groups>
    <test name="Default test" duration-ms="150626" started-at="2021-10-28T10:17:20Z" finished-at="2021-10-28T10:19:51Z">
      <class name="com.aires.runner.TestRunner">
        <test-method status="PASS" signature="setUpClass()[pri:0, instance:com.aires.runner.TestRunner@14c4973]" name="setUpClass" is-config="true" duration-ms="803" started-at="2021-10-28T06:17:20Z" finished-at="2021-10-28T06:17:21Z">
          <reporter-output>
          </reporter-output>
        </test-method> <!-- setUpClass -->
        <test-method status="PASS" signature="setup()[pri:0, instance:com.aires.runner.TestRunner@14c4973]" name="setup" is-config="true" duration-ms="90" started-at="2021-10-28T06:17:21Z" finished-at="2021-10-28T06:17:21Z">
          <reporter-output>
          </reporter-output>
        </test-method> <!-- setup -->
        <test-method status="PASS" signature="feature(cucumber.api.testng.CucumberFeatureWrapper)[pri:0, instance:com.aires.runner.TestRunner@14c4973]" name="feature" duration-ms="148954" started-at="2021-10-28T06:17:21Z" description="Runs Cucumber Feature" data-provider="features" finished-at="2021-10-28T06:19:50Z">
          <params>
            <param index="0">
              <value>
                <![CDATA[Verify Budget Estimation with Authorization]]>
              </value>
            </param>
          </params>
          <reporter-output>
          </reporter-output>
        </test-method> <!-- feature -->
        <test-method status="PASS" signature="writeExtentReport()[pri:0, instance:com.aires.runner.TestRunner@14c4973]" name="writeExtentReport" is-config="true" duration-ms="34" started-at="2021-10-28T06:19:50Z" finished-at="2021-10-28T06:19:50Z">
          <reporter-output>
          </reporter-output>
        </test-method> <!-- writeExtentReport -->
        <test-method status="PASS" signature="tearDownClass()[pri:0, instance:com.aires.runner.TestRunner@14c4973]" name="tearDownClass" is-config="true" duration-ms="482" started-at="2021-10-28T06:19:50Z" finished-at="2021-10-28T06:19:51Z">
          <reporter-output>
          </reporter-output>
        </test-method> <!-- tearDownClass -->
      </class> <!-- com.aires.runner.TestRunner -->
    </test> <!-- Default test -->
  </suite> <!-- Default suite -->
</testng-results>
