<?xml version="1.0" encoding="UTF-8"?><testsuite failures="2" name="cucumber.runtime.formatter.JUnitFormatter" skipped="0" tests="8" time="1189.936498">
<testcase classname="Validate the functionality of Assignment Module and their sub-modules" name="IRIS - MobilityX : Create new journey and add stop to the existing journey" time="278.042448">
<failure message="org.openqa.selenium.TimeoutException: Expected condition failed: waiting for visibility of Proxy element for: DefaultElementLocator 'By.cssSelector: span#ctot1' (tried for 60 second(s) with 500 milliseconds interval)&#13;&#10;&#9;at org.openqa.selenium.support.ui.WebDriverWait.timeoutException(WebDriverWait.java:95)&#13;&#10;&#9;at org.openqa.selenium.support.ui.FluentWait.until(FluentWait.java:272)&#13;&#10;&#9;at com.aires.businessrules.CoreFunctions.explctWaitTillElementVisibility(CoreFunctions.java:264)&#13;&#10;&#9;at com.aires.pages.mobilityx.MobilityX_AuthorizationHomePage.selectFieldsForNewAuthorization(MobilityX_AuthorizationHomePage.java:774)&#13;&#10;&#9;at stepDefinitions.IRIS_AssignmentModule_Steps.he_submits_authorization_form_for_tile_after_choosing_option_for_address(IRIS_AssignmentModule_Steps.java:1395)&#13;&#10;&#9;at ✽.When he submits authorization form for &quot;Add to this journery&quot; tile after choosing option &quot;Swap origin and destination&quot; for address(IRIS_AssignmentModule.feature:256)&#13;&#10;Caused by: org.openqa.selenium.NoSuchElementException: no such element: Unable to locate element: {&quot;method&quot;:&quot;css selector&quot;,&quot;selector&quot;:&quot;span#ctot1&quot;}&#10;  (Session info: chrome=85.0.4183.121)&#10;For documentation on this error, please visit: https://www.seleniumhq.org/exceptions/no_such_element.html&#10;Build info: version: '3.141.59', revision: 'e82be7d358', time: '2018-11-14T08:17:03'&#10;System info: host: 'CORPPRDVW513', ip: '10.222.35.20', os.name: 'Windows Server 2012 R2', os.arch: 'x86', os.version: '6.3', java.version: '1.8.0_241'&#10;Driver info: org.openqa.selenium.chrome.ChromeDriver&#10;Capabilities {acceptInsecureCerts: false, browserName: chrome, browserVersion: 85.0.4183.121, chrome: {chromedriverVersion: 85.0.4183.87 (cd6713ebf92fa..., userDataDir: C:\Users\rsharma\AppData\Lo...}, goog:chromeOptions: {debuggerAddress: localhost:58035}, javascriptEnabled: true, networkConnectionEnabled: false, pageLoadStrategy: none, platform: WINDOWS, platformName: WINDOWS, proxy: Proxy(), setWindowRect: true, strictFileInteractability: false, timeouts: {implicit: 0, pageLoad: 300000, script: 30000}, unhandledPromptBehavior: dismiss and notify, webauthn:virtualAuthenticators: true}&#10;Session ID: 1fc8642dca14fe0acfd064eb9cf7395a&#10;*** Element info: {Using=css selector, value=span#ctot1}&#13;&#10;&#9;at sun.reflect.NativeConstructorAccessorImpl.newInstance0(Native Method)&#13;&#10;&#9;at sun.reflect.NativeConstructorAccessorImpl.newInstance(NativeConstructorAccessorImpl.java:62)&#13;&#10;&#9;at sun.reflect.DelegatingConstructorAccessorImpl.newInstance(DelegatingConstructorAccessorImpl.java:45)&#13;&#10;&#9;at java.lang.reflect.Constructor.newInstance(Constructor.java:423)&#13;&#10;&#9;at org.openqa.selenium.remote.http.W3CHttpResponseCodec.createException(W3CHttpResponseCodec.java:187)&#13;&#10;&#9;at org.openqa.selenium.remote.http.W3CHttpResponseCodec.decode(W3CHttpResponseCodec.java:122)&#13;&#10;&#9;at org.openqa.selenium.remote.http.W3CHttpResponseCodec.decode(W3CHttpResponseCodec.java:49)&#13;&#10;&#9;at org.openqa.selenium.remote.HttpCommandExecutor.execute(HttpCommandExecutor.java:158)&#13;&#10;&#9;at org.openqa.selenium.remote.service.DriverCommandExecutor.execute(DriverCommandExecutor.java:83)&#13;&#10;&#9;at org.openqa.selenium.remote.RemoteWebDriver.execute(RemoteWebDriver.java:552)&#13;&#10;&#9;at org.openqa.selenium.remote.RemoteWebDriver.findElement(RemoteWebDriver.java:323)&#13;&#10;&#9;at org.openqa.selenium.remote.RemoteWebDriver.findElementByCssSelector(RemoteWebDriver.java:420)&#13;&#10;&#9;at org.openqa.selenium.By$ByCssSelector.findElement(By.java:431)&#13;&#10;&#9;at org.openqa.selenium.remote.RemoteWebDriver.findElement(RemoteWebDriver.java:315)&#13;&#10;&#9;at org.openqa.selenium.support.pagefactory.DefaultElementLocator.findElement(DefaultElementLocator.java:69)&#13;&#10;&#9;at org.openqa.selenium.support.pagefactory.internal.LocatingElementHandler.invoke(LocatingElementHandler.java:38)&#13;&#10;&#9;at com.sun.proxy.$Proxy28.isDisplayed(Unknown Source)&#13;&#10;&#9;at org.openqa.selenium.support.ui.ExpectedConditions.elementIfVisible(ExpectedConditions.java:314)&#13;&#10;&#9;at org.openqa.selenium.support.ui.ExpectedConditions.access$000(ExpectedConditions.java:43)&#13;&#10;&#9;at org.openqa.selenium.support.ui.ExpectedConditions$10.apply(ExpectedConditions.java:300)&#13;&#10;&#9;at org.openqa.selenium.support.ui.ExpectedConditions$10.apply(ExpectedConditions.java:297)&#13;&#10;&#9;at org.openqa.selenium.support.ui.FluentWait.until(FluentWait.java:249)&#13;&#10;&#9;at com.aires.businessrules.CoreFunctions.explctWaitTillElementVisibility(CoreFunctions.java:264)&#13;&#10;&#9;at com.aires.pages.mobilityx.MobilityX_AuthorizationHomePage.selectFieldsForNewAuthorization(MobilityX_AuthorizationHomePage.java:774)&#13;&#10;&#9;at stepDefinitions.IRIS_AssignmentModule_Steps.he_submits_authorization_form_for_tile_after_choosing_option_for_address(IRIS_AssignmentModule_Steps.java:1395)&#13;&#10;&#9;at sun.reflect.NativeMethodAccessorImpl.invoke0(Native Method)&#13;&#10;&#9;at sun.reflect.NativeMethodAccessorImpl.invoke(NativeMethodAccessorImpl.java:62)&#13;&#10;&#9;at sun.reflect.DelegatingMethodAccessorImpl.invoke(DelegatingMethodAccessorImpl.java:43)&#13;&#10;&#9;at java.lang.reflect.Method.invoke(Method.java:498)&#13;&#10;&#9;at cucumber.runtime.Utils$1.call(Utils.java:40)&#13;&#10;&#9;at cucumber.runtime.Timeout.timeout(Timeout.java:16)&#13;&#10;&#9;at cucumber.runtime.Utils.invoke(Utils.java:34)&#13;&#10;&#9;at cucumber.runtime.java.JavaStepDefinition.execute(JavaStepDefinition.java:38)&#13;&#10;&#9;at cucumber.runtime.StepDefinitionMatch.runStep(StepDefinitionMatch.java:37)&#13;&#10;&#9;at cucumber.runtime.Runtime.runStep(Runtime.java:300)&#13;&#10;&#9;at cucumber.runtime.model.StepContainer.runStep(StepContainer.java:44)&#13;&#10;&#9;at cucumber.runtime.model.StepContainer.runSteps(StepContainer.java:39)&#13;&#10;&#9;at cucumber.runtime.model.CucumberScenario.run(CucumberScenario.java:44)&#13;&#10;&#9;at cucumber.runtime.model.CucumberFeature.run(CucumberFeature.java:165)&#13;&#10;&#9;at cucumber.api.testng.TestNGCucumberRunner.runCucumber(TestNGCucumberRunner.java:63)&#13;&#10;&#9;at cucumber.api.testng.AbstractTestNGCucumberTests.feature(AbstractTestNGCucumberTests.java:21)&#13;&#10;&#9;at sun.reflect.NativeMethodAccessorImpl.invoke0(Native Method)&#13;&#10;&#9;at sun.reflect.NativeMethodAccessorImpl.invoke(NativeMethodAccessorImpl.java:62)&#13;&#10;&#9;at sun.reflect.DelegatingMethodAccessorImpl.invoke(DelegatingMethodAccessorImpl.java:43)&#13;&#10;&#9;at java.lang.reflect.Method.invoke(Method.java:498)&#13;&#10;&#9;at org.testng.internal.MethodInvocationHelper.invokeMethod(MethodInvocationHelper.java:85)&#13;&#10;&#9;at org.testng.internal.Invoker.invokeMethod(Invoker.java:639)&#13;&#10;&#9;at org.testng.internal.Invoker.invokeTestMethod(Invoker.java:816)&#13;&#10;&#9;at org.testng.internal.Invoker.invokeTestMethods(Invoker.java:1124)&#13;&#10;&#9;at org.testng.internal.TestMethodWorker.invokeTestMethods(TestMethodWorker.java:125)&#13;&#10;&#9;at org.testng.internal.TestMethodWorker.run(TestMethodWorker.java:108)&#13;&#10;&#9;at org.testng.TestRunner.privateRun(TestRunner.java:774)&#13;&#10;&#9;at org.testng.TestRunner.run(TestRunner.java:624)&#13;&#10;&#9;at org.testng.SuiteRunner.runTest(SuiteRunner.java:359)&#13;&#10;&#9;at org.testng.SuiteRunner.runSequentially(SuiteRunner.java:354)&#13;&#10;&#9;at org.testng.SuiteRunner.privateRun(SuiteRunner.java:312)&#13;&#10;&#9;at org.testng.SuiteRunner.run(SuiteRunner.java:261)&#13;&#10;&#9;at org.testng.SuiteRunnerWorker.runSuite(SuiteRunnerWorker.java:52)&#13;&#10;&#9;at org.testng.SuiteRunnerWorker.run(SuiteRunnerWorker.java:86)&#13;&#10;&#9;at org.testng.TestNG.runSuitesSequentially(TestNG.java:1215)&#13;&#10;&#9;at org.testng.TestNG.runSuitesLocally(TestNG.java:1140)&#13;&#10;&#9;at org.testng.TestNG.run(TestNG.java:1048)&#13;&#10;&#9;at org.testng.remote.AbstractRemoteTestNG.run(AbstractRemoteTestNG.java:115)&#13;&#10;&#9;at org.testng.remote.RemoteTestNG.initAndRun(RemoteTestNG.java:251)&#13;&#10;&#9;at org.testng.remote.RemoteTestNG.main(RemoteTestNG.java:77)&#13;&#10;"><![CDATA[Given he has logged into IRIS application as "ckitts" user..................passed
Given he has actualied the transferee after creating a new assignment.......passed
And he is on Mobility Journey page of transferee after searching the transferee from "Dashboard home" page.passed
And he has created a new journey for transferee by filling all the mandatory information on 'Authorization Home Page'.passed
When he submits authorization form for "Add to this journery" tile after choosing option "Swap origin and destination" for address.failed
Then swapped origin/destination information for 'Add to this journey' will be displayed as stop for new journey created.skipped

StackTrace:
org.openqa.selenium.TimeoutException: Expected condition failed: waiting for visibility of Proxy element for: DefaultElementLocator 'By.cssSelector: span#ctot1' (tried for 60 second(s) with 500 milliseconds interval)
	at org.openqa.selenium.support.ui.WebDriverWait.timeoutException(WebDriverWait.java:95)
	at org.openqa.selenium.support.ui.FluentWait.until(FluentWait.java:272)
	at com.aires.businessrules.CoreFunctions.explctWaitTillElementVisibility(CoreFunctions.java:264)
	at com.aires.pages.mobilityx.MobilityX_AuthorizationHomePage.selectFieldsForNewAuthorization(MobilityX_AuthorizationHomePage.java:774)
	at stepDefinitions.IRIS_AssignmentModule_Steps.he_submits_authorization_form_for_tile_after_choosing_option_for_address(IRIS_AssignmentModule_Steps.java:1395)
	at ✽.When he submits authorization form for "Add to this journery" tile after choosing option "Swap origin and destination" for address(IRIS_AssignmentModule.feature:256)
Caused by: org.openqa.selenium.NoSuchElementException: no such element: Unable to locate element: {"method":"css selector","selector":"span#ctot1"}
  (Session info: chrome=85.0.4183.121)
For documentation on this error, please visit: https://www.seleniumhq.org/exceptions/no_such_element.html
Build info: version: '3.141.59', revision: 'e82be7d358', time: '2018-11-14T08:17:03'
System info: host: 'CORPPRDVW513', ip: '10.222.35.20', os.name: 'Windows Server 2012 R2', os.arch: 'x86', os.version: '6.3', java.version: '1.8.0_241'
Driver info: org.openqa.selenium.chrome.ChromeDriver
Capabilities {acceptInsecureCerts: false, browserName: chrome, browserVersion: 85.0.4183.121, chrome: {chromedriverVersion: 85.0.4183.87 (cd6713ebf92fa..., userDataDir: C:\Users\rsharma\AppData\Lo...}, goog:chromeOptions: {debuggerAddress: localhost:58035}, javascriptEnabled: true, networkConnectionEnabled: false, pageLoadStrategy: none, platform: WINDOWS, platformName: WINDOWS, proxy: Proxy(), setWindowRect: true, strictFileInteractability: false, timeouts: {implicit: 0, pageLoad: 300000, script: 30000}, unhandledPromptBehavior: dismiss and notify, webauthn:virtualAuthenticators: true}
Session ID: 1fc8642dca14fe0acfd064eb9cf7395a
*** Element info: {Using=css selector, value=span#ctot1}
	at sun.reflect.NativeConstructorAccessorImpl.newInstance0(Native Method)
	at sun.reflect.NativeConstructorAccessorImpl.newInstance(NativeConstructorAccessorImpl.java:62)
	at sun.reflect.DelegatingConstructorAccessorImpl.newInstance(DelegatingConstructorAccessorImpl.java:45)
	at java.lang.reflect.Constructor.newInstance(Constructor.java:423)
	at org.openqa.selenium.remote.http.W3CHttpResponseCodec.createException(W3CHttpResponseCodec.java:187)
	at org.openqa.selenium.remote.http.W3CHttpResponseCodec.decode(W3CHttpResponseCodec.java:122)
	at org.openqa.selenium.remote.http.W3CHttpResponseCodec.decode(W3CHttpResponseCodec.java:49)
	at org.openqa.selenium.remote.HttpCommandExecutor.execute(HttpCommandExecutor.java:158)
	at org.openqa.selenium.remote.service.DriverCommandExecutor.execute(DriverCommandExecutor.java:83)
	at org.openqa.selenium.remote.RemoteWebDriver.execute(RemoteWebDriver.java:552)
	at org.openqa.selenium.remote.RemoteWebDriver.findElement(RemoteWebDriver.java:323)
	at org.openqa.selenium.remote.RemoteWebDriver.findElementByCssSelector(RemoteWebDriver.java:420)
	at org.openqa.selenium.By$ByCssSelector.findElement(By.java:431)
	at org.openqa.selenium.remote.RemoteWebDriver.findElement(RemoteWebDriver.java:315)
	at org.openqa.selenium.support.pagefactory.DefaultElementLocator.findElement(DefaultElementLocator.java:69)
	at org.openqa.selenium.support.pagefactory.internal.LocatingElementHandler.invoke(LocatingElementHandler.java:38)
	at com.sun.proxy.$Proxy28.isDisplayed(Unknown Source)
	at org.openqa.selenium.support.ui.ExpectedConditions.elementIfVisible(ExpectedConditions.java:314)
	at org.openqa.selenium.support.ui.ExpectedConditions.access$000(ExpectedConditions.java:43)
	at org.openqa.selenium.support.ui.ExpectedConditions$10.apply(ExpectedConditions.java:300)
	at org.openqa.selenium.support.ui.ExpectedConditions$10.apply(ExpectedConditions.java:297)
	at org.openqa.selenium.support.ui.FluentWait.until(FluentWait.java:249)
	at com.aires.businessrules.CoreFunctions.explctWaitTillElementVisibility(CoreFunctions.java:264)
	at com.aires.pages.mobilityx.MobilityX_AuthorizationHomePage.selectFieldsForNewAuthorization(MobilityX_AuthorizationHomePage.java:774)
	at stepDefinitions.IRIS_AssignmentModule_Steps.he_submits_authorization_form_for_tile_after_choosing_option_for_address(IRIS_AssignmentModule_Steps.java:1395)
	at sun.reflect.NativeMethodAccessorImpl.invoke0(Native Method)
	at sun.reflect.NativeMethodAccessorImpl.invoke(NativeMethodAccessorImpl.java:62)
	at sun.reflect.DelegatingMethodAccessorImpl.invoke(DelegatingMethodAccessorImpl.java:43)
	at java.lang.reflect.Method.invoke(Method.java:498)
	at cucumber.runtime.Utils$1.call(Utils.java:40)
	at cucumber.runtime.Timeout.timeout(Timeout.java:16)
	at cucumber.runtime.Utils.invoke(Utils.java:34)
	at cucumber.runtime.java.JavaStepDefinition.execute(JavaStepDefinition.java:38)
	at cucumber.runtime.StepDefinitionMatch.runStep(StepDefinitionMatch.java:37)
	at cucumber.runtime.Runtime.runStep(Runtime.java:300)
	at cucumber.runtime.model.StepContainer.runStep(StepContainer.java:44)
	at cucumber.runtime.model.StepContainer.runSteps(StepContainer.java:39)
	at cucumber.runtime.model.CucumberScenario.run(CucumberScenario.java:44)
	at cucumber.runtime.model.CucumberFeature.run(CucumberFeature.java:165)
	at cucumber.api.testng.TestNGCucumberRunner.runCucumber(TestNGCucumberRunner.java:63)
	at cucumber.api.testng.AbstractTestNGCucumberTests.feature(AbstractTestNGCucumberTests.java:21)
	at sun.reflect.NativeMethodAccessorImpl.invoke0(Native Method)
	at sun.reflect.NativeMethodAccessorImpl.invoke(NativeMethodAccessorImpl.java:62)
	at sun.reflect.DelegatingMethodAccessorImpl.invoke(DelegatingMethodAccessorImpl.java:43)
	at java.lang.reflect.Method.invoke(Method.java:498)
	at org.testng.internal.MethodInvocationHelper.invokeMethod(MethodInvocationHelper.java:85)
	at org.testng.internal.Invoker.invokeMethod(Invoker.java:639)
	at org.testng.internal.Invoker.invokeTestMethod(Invoker.java:816)
	at org.testng.internal.Invoker.invokeTestMethods(Invoker.java:1124)
	at org.testng.internal.TestMethodWorker.invokeTestMethods(TestMethodWorker.java:125)
	at org.testng.internal.TestMethodWorker.run(TestMethodWorker.java:108)
	at org.testng.TestRunner.privateRun(TestRunner.java:774)
	at org.testng.TestRunner.run(TestRunner.java:624)
	at org.testng.SuiteRunner.runTest(SuiteRunner.java:359)
	at org.testng.SuiteRunner.runSequentially(SuiteRunner.java:354)
	at org.testng.SuiteRunner.privateRun(SuiteRunner.java:312)
	at org.testng.SuiteRunner.run(SuiteRunner.java:261)
	at org.testng.SuiteRunnerWorker.runSuite(SuiteRunnerWorker.java:52)
	at org.testng.SuiteRunnerWorker.run(SuiteRunnerWorker.java:86)
	at org.testng.TestNG.runSuitesSequentially(TestNG.java:1215)
	at org.testng.TestNG.runSuitesLocally(TestNG.java:1140)
	at org.testng.TestNG.run(TestNG.java:1048)
	at org.testng.remote.AbstractRemoteTestNG.run(AbstractRemoteTestNG.java:115)
	at org.testng.remote.RemoteTestNG.initAndRun(RemoteTestNG.java:251)
	at org.testng.remote.RemoteTestNG.main(RemoteTestNG.java:77)
]]></failure>
</testcase>
<testcase classname="Validate the functionality of Assignment Module and their sub-modules" name="IRIS - Deny exception via email" time="138.952113">
<system-out><![CDATA[Given he has logged into IRIS application as "ckitts" user..................passed
Given he has added below exception under "Exceptions" tab of "Assignment" module after actualizing the new transferee in IRIS application.passed
And he has routed the exception to approver "Sarika Pant"...................passed
And he has clicked on "Submit My Response" link in email received by approver.passed
And he has selected the approver "Akansha Gupta" after clicking on "Add an approver" link from non-authenticated exception page opened by clicking on "Submit My Response" link in email.passed
And he has added comments on "Exception deny request form" after clicking on "Deny" button on non-authenticated page.passed
When "Submit" button is clicked on "Exception deny request form"............passed
Then message "Exception has been denied" should be displayed on non-authenticated page.passed
And Approve/Deny buttons are hidden.........................................passed
And red color deny icon should be displayed with Exception amount and approver "Sarika Pant".passed
]]></system-out>
</testcase>
<testcase classname="Validate the functionality of Assignment Module and their sub-modules" name="IRIS - Create a new Springboard user" time="96.156348">
<system-out><![CDATA[Given he has logged into IRIS application as "ckitts" user..................passed
Given he is on "Overview" tab of "Assignment" module........................passed
And he has created a new assignment for the client after selecting the Springboard enabled policy from policy drop-down.passed
When he has actualize the assignment after creating new transferee..........passed
Then Springboard user is created successfully...............................passed
]]></system-out>
</testcase>
<testcase classname="Validate the functionality of Dashboard Home page" name="Verify user is taken to the mobility journey for the transferee selected" time="114.144723">
<system-out><![CDATA[Given he is logged into MobilityX application as a client user..............passed
Given he has submitted a new authorization on 'Authorization Home Page' after selecting option as "A new transfer or assignment" for an employee.passed
And he clicks on "Journeys" element under 'Program Activity' header on MobilityX "Home" page.passed
When he selects new authorization created above on "Program Activity Snapshot Home" page.passed
Then he should be successfuly redirected onto the "Mobility Journey Home" page for the transferee selected.passed
And following information should be displayed on "Mobility Journey Home" page.passed
]]></system-out>
</testcase>
<testcase classname="Validate the functionality of Dashboard Home page" name="Verify user is taken to the initiation page for the employee selected" time="83.137032">
<system-out><![CDATA[Given he is logged into MobilityX application as a client user..............passed
Given he has submitted new authorization in "Draft" status on 'Authorization Home Page' with an option as "A new transfer or assignment".passed
And he clicks on "Manage initiations" element on MobilityX "Home" page......passed
When he selects employee created above on 'Authorization Home Page' from 'Active Initiations' list.passed
Then he should be successfuly redirected onto the "Authorization home page" for the transferee selected.passed
And following information should be displayed on 'Authorization home page'..passed
]]></system-out>
</testcase>
<testcase classname="Validate the functionality of Dashboard Home page" name="Verify Mobility journey for the selected active employee is displayed on mobility journey home page" time="63.883726">
<system-out><![CDATA[Given he is logged into MobilityX application as a client user..............passed
Given he is on advance search page after clicking on "View all active employees" Link.passed
And all active employees is displayed on "Advanced Search" page.............passed
When he has clicks on first active employee displayed on 'Advance Search' page.passed
Then Mobility journey for the selected employee should be displayed on 'MobilityX Journey Home'page.passed
]]></system-out>
</testcase>
<testcase classname="Validate the functionality of Partner Allocation on a Home Page" name="Partner Allocation - Verify and Add a new rule with Partner" time="289.526124">
<system-out><![CDATA[Given he is logged into Partner Allocation application......................passed
Given he is on "Create new rule" page of 'Partner Allocation'...............passed
And he has provided all the mandatory information in below sections for "Partner" rule.passed
When he clicks on "Complete rule" button on 'Partner Allocation Home' page..passed
Then "The rule has been created successfully." message should be displayed on 'Partner Allocation Home' page.passed
And newly created 'Partner' rule should be displayed in 'Active rules' column under 'search allocation rules' header.passed
]]></system-out>
</testcase>
<testcase classname="Validate the functionality of MyProfile on Springboard Dashboard" name="Navigate and edit information of tiles on My Profile section" time="126.093984">
<failure message="org.openqa.selenium.NoSuchElementException: no such element: Unable to locate element: {&quot;method&quot;:&quot;xpath&quot;,&quot;selector&quot;:&quot;//*[contains(@id,'lpt1:cBodFDC:lr1:')]/label&quot;}&#10;  (Session info: chrome=85.0.4183.121)&#10;For documentation on this error, please visit: https://www.seleniumhq.org/exceptions/no_such_element.html&#10;Build info: version: '3.141.59', revision: 'e82be7d358', time: '2018-11-14T08:17:03'&#10;System info: host: 'CORPPRDVW513', ip: '10.222.35.20', os.name: 'Windows Server 2012 R2', os.arch: 'x86', os.version: '6.3', java.version: '1.8.0_241'&#10;Driver info: org.openqa.selenium.chrome.ChromeDriver&#10;Capabilities {acceptInsecureCerts: false, browserName: chrome, browserVersion: 85.0.4183.121, chrome: {chromedriverVersion: 85.0.4183.87 (cd6713ebf92fa..., userDataDir: C:\Users\rsharma\AppData\Lo...}, goog:chromeOptions: {debuggerAddress: localhost:60788}, javascriptEnabled: true, networkConnectionEnabled: false, pageLoadStrategy: none, platform: WINDOWS, platformName: WINDOWS, proxy: Proxy(), setWindowRect: true, strictFileInteractability: false, timeouts: {implicit: 0, pageLoad: 300000, script: 30000}, unhandledPromptBehavior: dismiss and notify, webauthn:virtualAuthenticators: true}&#10;Session ID: 0978fa80b414a1a1fd666c93d58c1611&#10;*** Element info: {Using=xpath, value=//*[contains(@id,'lpt1:cBodFDC:lr1:')]/label}&#13;&#10;&#9;at sun.reflect.NativeConstructorAccessorImpl.newInstance0(Native Method)&#13;&#10;&#9;at sun.reflect.NativeConstructorAccessorImpl.newInstance(NativeConstructorAccessorImpl.java:62)&#13;&#10;&#9;at sun.reflect.DelegatingConstructorAccessorImpl.newInstance(DelegatingConstructorAccessorImpl.java:45)&#13;&#10;&#9;at java.lang.reflect.Constructor.newInstance(Constructor.java:423)&#13;&#10;&#9;at org.openqa.selenium.remote.http.W3CHttpResponseCodec.createException(W3CHttpResponseCodec.java:187)&#13;&#10;&#9;at org.openqa.selenium.remote.http.W3CHttpResponseCodec.decode(W3CHttpResponseCodec.java:122)&#13;&#10;&#9;at org.openqa.selenium.remote.http.W3CHttpResponseCodec.decode(W3CHttpResponseCodec.java:49)&#13;&#10;&#9;at org.openqa.selenium.remote.HttpCommandExecutor.execute(HttpCommandExecutor.java:158)&#13;&#10;&#9;at org.openqa.selenium.remote.service.DriverCommandExecutor.execute(DriverCommandExecutor.java:83)&#13;&#10;&#9;at org.openqa.selenium.remote.RemoteWebDriver.execute(RemoteWebDriver.java:552)&#13;&#10;&#9;at org.openqa.selenium.remote.RemoteWebDriver.findElement(RemoteWebDriver.java:323)&#13;&#10;&#9;at org.openqa.selenium.remote.RemoteWebDriver.findElementByXPath(RemoteWebDriver.java:428)&#13;&#10;&#9;at org.openqa.selenium.By$ByXPath.findElement(By.java:353)&#13;&#10;&#9;at org.openqa.selenium.remote.RemoteWebDriver.findElement(RemoteWebDriver.java:315)&#13;&#10;&#9;at org.openqa.selenium.support.pagefactory.DefaultElementLocator.findElement(DefaultElementLocator.java:69)&#13;&#10;&#9;at org.openqa.selenium.support.pagefactory.internal.LocatingElementHandler.invoke(LocatingElementHandler.java:38)&#13;&#10;&#9;at com.sun.proxy.$Proxy28.getText(Unknown Source)&#13;&#10;&#9;at com.aires.pages.springboard.Springboard_MyProfilePage.clickOnBackToMyProfileLink(Springboard_MyProfilePage.java:634)&#13;&#10;&#9;at com.aires.pages.springboard.Springboard_MyProfilePage.editAndVerifyInformationOnTiles(Springboard_MyProfilePage.java:412)&#13;&#10;&#9;at stepDefinitions.Springboard_MyProfile_Steps.he_should_be_able_to_edit_information_on_below_tiles_on_My_Profile_section(Springboard_MyProfile_Steps.java:81)&#13;&#10;&#9;at ✽.Then he should be able to edit information on below tiles on 'My Profile' section(Springboard_MyProfile.feature:8)&#13;&#10;"><![CDATA[Given he is logged into Springboard application as a transferee user for 'MyProfile' page.passed
When he clicks on 'My Profile' section on Springboard Dashboard page........passed
Then he should be able to edit information on below tiles on 'My Profile' section.failed

StackTrace:
org.openqa.selenium.NoSuchElementException: no such element: Unable to locate element: {"method":"xpath","selector":"//*[contains(@id,'lpt1:cBodFDC:lr1:')]/label"}
  (Session info: chrome=85.0.4183.121)
For documentation on this error, please visit: https://www.seleniumhq.org/exceptions/no_such_element.html
Build info: version: '3.141.59', revision: 'e82be7d358', time: '2018-11-14T08:17:03'
System info: host: 'CORPPRDVW513', ip: '10.222.35.20', os.name: 'Windows Server 2012 R2', os.arch: 'x86', os.version: '6.3', java.version: '1.8.0_241'
Driver info: org.openqa.selenium.chrome.ChromeDriver
Capabilities {acceptInsecureCerts: false, browserName: chrome, browserVersion: 85.0.4183.121, chrome: {chromedriverVersion: 85.0.4183.87 (cd6713ebf92fa..., userDataDir: C:\Users\rsharma\AppData\Lo...}, goog:chromeOptions: {debuggerAddress: localhost:60788}, javascriptEnabled: true, networkConnectionEnabled: false, pageLoadStrategy: none, platform: WINDOWS, platformName: WINDOWS, proxy: Proxy(), setWindowRect: true, strictFileInteractability: false, timeouts: {implicit: 0, pageLoad: 300000, script: 30000}, unhandledPromptBehavior: dismiss and notify, webauthn:virtualAuthenticators: true}
Session ID: 0978fa80b414a1a1fd666c93d58c1611
*** Element info: {Using=xpath, value=//*[contains(@id,'lpt1:cBodFDC:lr1:')]/label}
	at sun.reflect.NativeConstructorAccessorImpl.newInstance0(Native Method)
	at sun.reflect.NativeConstructorAccessorImpl.newInstance(NativeConstructorAccessorImpl.java:62)
	at sun.reflect.DelegatingConstructorAccessorImpl.newInstance(DelegatingConstructorAccessorImpl.java:45)
	at java.lang.reflect.Constructor.newInstance(Constructor.java:423)
	at org.openqa.selenium.remote.http.W3CHttpResponseCodec.createException(W3CHttpResponseCodec.java:187)
	at org.openqa.selenium.remote.http.W3CHttpResponseCodec.decode(W3CHttpResponseCodec.java:122)
	at org.openqa.selenium.remote.http.W3CHttpResponseCodec.decode(W3CHttpResponseCodec.java:49)
	at org.openqa.selenium.remote.HttpCommandExecutor.execute(HttpCommandExecutor.java:158)
	at org.openqa.selenium.remote.service.DriverCommandExecutor.execute(DriverCommandExecutor.java:83)
	at org.openqa.selenium.remote.RemoteWebDriver.execute(RemoteWebDriver.java:552)
	at org.openqa.selenium.remote.RemoteWebDriver.findElement(RemoteWebDriver.java:323)
	at org.openqa.selenium.remote.RemoteWebDriver.findElementByXPath(RemoteWebDriver.java:428)
	at org.openqa.selenium.By$ByXPath.findElement(By.java:353)
	at org.openqa.selenium.remote.RemoteWebDriver.findElement(RemoteWebDriver.java:315)
	at org.openqa.selenium.support.pagefactory.DefaultElementLocator.findElement(DefaultElementLocator.java:69)
	at org.openqa.selenium.support.pagefactory.internal.LocatingElementHandler.invoke(LocatingElementHandler.java:38)
	at com.sun.proxy.$Proxy28.getText(Unknown Source)
	at com.aires.pages.springboard.Springboard_MyProfilePage.clickOnBackToMyProfileLink(Springboard_MyProfilePage.java:634)
	at com.aires.pages.springboard.Springboard_MyProfilePage.editAndVerifyInformationOnTiles(Springboard_MyProfilePage.java:412)
	at stepDefinitions.Springboard_MyProfile_Steps.he_should_be_able_to_edit_information_on_below_tiles_on_My_Profile_section(Springboard_MyProfile_Steps.java:81)
	at ✽.Then he should be able to edit information on below tiles on 'My Profile' section(Springboard_MyProfile.feature:8)
]]></failure>
</testcase>
</testsuite>
