<?xml version="1.0" encoding="UTF-8"?><testsuite failures="2" name="cucumber.runtime.formatter.JUnitFormatter" skipped="0" tests="12" time="338.389495">
<testcase classname="Validate the functionality of Add New Policy" name="CoreFlex - Verify behavior of ClientID field for Valid data" time="20.582019">
<failure message="java.lang.AssertionError: Fail ::  Failed to verify Policy Name Dropdown field for valid ClientID. expected [true] but found [false]&#13;&#10;&#9;at org.testng.Assert.fail(Assert.java:94)&#13;&#10;&#9;at org.testng.Assert.failNotEquals(Assert.java:496)&#13;&#10;&#9;at org.testng.Assert.assertTrue(Assert.java:42)&#13;&#10;&#9;at stepDefinitions.coreFlex.CoreFlex_AddNewPolicy_Steps.policy_Name_dropdown_list_should_be_displayed_having_all_the_policies_tied_to_entered_Client_ID_Name(CoreFlex_AddNewPolicy_Steps.java:67)&#13;&#10;&#9;at ✽.Then 'Policy Name' dropdown list should be displayed having all the policies tied to entered 924 Client ID/Name(coreFlex/CoreFlex_AddNewPolicy.feature:10)&#13;&#10;"><![CDATA[Given he has logged into 'Aires Policy Tool' application as a "Client Service Manager" user.passed
Given he has navigated to "Add New Policy Form" menu from left navigation of 'Aires Policy Tool' homepage.passed
When he enters valid 924 in 'Client ID' dropdown list.......................passed
Then 'Policy Name' dropdown list should be displayed having all the policies tied to entered 924 Client ID/Name.failed

StackTrace:
java.lang.AssertionError: Fail ::  Failed to verify Policy Name Dropdown field for valid ClientID. expected [true] but found [false]
	at org.testng.Assert.fail(Assert.java:94)
	at org.testng.Assert.failNotEquals(Assert.java:496)
	at org.testng.Assert.assertTrue(Assert.java:42)
	at stepDefinitions.coreFlex.CoreFlex_AddNewPolicy_Steps.policy_Name_dropdown_list_should_be_displayed_having_all_the_policies_tied_to_entered_Client_ID_Name(CoreFlex_AddNewPolicy_Steps.java:67)
	at ✽.Then 'Policy Name' dropdown list should be displayed having all the policies tied to entered 924 Client ID/Name(coreFlex/CoreFlex_AddNewPolicy.feature:10)
]]></failure>
</testcase>
<testcase classname="Validate the functionality of Add New Policy" name="CoreFlex - Verify behavior of ClientID field for Valid data 2" time="29.244472">
<system-out><![CDATA[Given he has logged into 'Aires Policy Tool' application as a "Client Service Manager" user.passed
Given he has navigated to "Add New Policy Form" menu from left navigation of 'Aires Policy Tool' homepage.passed
When he enters valid 949 in 'Client ID' dropdown list.......................passed
Then 'Policy Name' dropdown list should be displayed having all the policies tied to entered 949 Client ID/Name.passed
]]></system-out>
</testcase>
<testcase classname="Validate the functionality of Add New Policy" name="CoreFlex - Verify behavior of ClientID field for Valid data 3" time="29.044212">
<system-out><![CDATA[Given he has logged into 'Aires Policy Tool' application as a "Client Service Manager" user.passed
Given he has navigated to "Add New Policy Form" menu from left navigation of 'Aires Policy Tool' homepage.passed
When he enters valid 9494 in 'Client ID' dropdown list......................passed
Then 'Policy Name' dropdown list should be displayed having all the policies tied to entered 9494 Client ID/Name.passed
]]></system-out>
</testcase>
<testcase classname="Validate the functionality of Add New Policy" name="CoreFlex - Verify behavior of ClientID field for Valid data 4" time="28.568858">
<system-out><![CDATA[Given he has logged into 'Aires Policy Tool' application as a "Client Service Manager" user.passed
Given he has navigated to "Add New Policy Form" menu from left navigation of 'Aires Policy Tool' homepage.passed
When he enters valid 94943 in 'Client ID' dropdown list.....................passed
Then 'Policy Name' dropdown list should be displayed having all the policies tied to entered 94943 Client ID/Name.passed
]]></system-out>
</testcase>
<testcase classname="Validate the functionality of Add New Policy" name="CoreFlex - Verify behavior of ClientID field for Valid data 5" time="28.799944">
<system-out><![CDATA[Given he has logged into 'Aires Policy Tool' application as a "Client Service Manager" user.passed
Given he has navigated to "Add New Policy Form" menu from left navigation of 'Aires Policy Tool' homepage.passed
When he enters valid 49211 in 'Client ID' dropdown list.....................passed
Then 'Policy Name' dropdown list should be displayed having all the policies tied to entered 49211 Client ID/Name.passed
]]></system-out>
</testcase>
<testcase classname="Validate the functionality of Add New Policy" name="CoreFlex - Verify behavior of ClientID field for Valid data 6" time="28.647308">
<system-out><![CDATA[Given he has logged into 'Aires Policy Tool' application as a "Client Service Manager" user.passed
Given he has navigated to "Add New Policy Form" menu from left navigation of 'Aires Policy Tool' homepage.passed
When he enters valid AIR in 'Client ID' dropdown list.......................passed
Then 'Policy Name' dropdown list should be displayed having all the policies tied to entered AIR Client ID/Name.passed
]]></system-out>
</testcase>
<testcase classname="Validate the functionality of Add New Policy" name="CoreFlex - Verify behavior of ClientID field for Valid data 7" time="18.623185">
<failure message="java.lang.AssertionError: Fail ::  Failed to verify Policy Name Dropdown field for valid ClientID. expected [true] but found [false]&#13;&#10;&#9;at org.testng.Assert.fail(Assert.java:94)&#13;&#10;&#9;at org.testng.Assert.failNotEquals(Assert.java:496)&#13;&#10;&#9;at org.testng.Assert.assertTrue(Assert.java:42)&#13;&#10;&#9;at stepDefinitions.coreFlex.CoreFlex_AddNewPolicy_Steps.policy_Name_dropdown_list_should_be_displayed_having_all_the_policies_tied_to_entered_Client_ID_Name(CoreFlex_AddNewPolicy_Steps.java:67)&#13;&#10;&#9;at ✽.Then 'Policy Name' dropdown list should be displayed having all the policies tied to entered Equifax Client ID/Name(coreFlex/CoreFlex_AddNewPolicy.feature:10)&#13;&#10;"><![CDATA[Given he has logged into 'Aires Policy Tool' application as a "Client Service Manager" user.passed
Given he has navigated to "Add New Policy Form" menu from left navigation of 'Aires Policy Tool' homepage.passed
When he enters valid Equifax in 'Client ID' dropdown list...................passed
Then 'Policy Name' dropdown list should be displayed having all the policies tied to entered Equifax Client ID/Name.failed

StackTrace:
java.lang.AssertionError: Fail ::  Failed to verify Policy Name Dropdown field for valid ClientID. expected [true] but found [false]
	at org.testng.Assert.fail(Assert.java:94)
	at org.testng.Assert.failNotEquals(Assert.java:496)
	at org.testng.Assert.assertTrue(Assert.java:42)
	at stepDefinitions.coreFlex.CoreFlex_AddNewPolicy_Steps.policy_Name_dropdown_list_should_be_displayed_having_all_the_policies_tied_to_entered_Client_ID_Name(CoreFlex_AddNewPolicy_Steps.java:67)
	at ✽.Then 'Policy Name' dropdown list should be displayed having all the policies tied to entered Equifax Client ID/Name(coreFlex/CoreFlex_AddNewPolicy.feature:10)
]]></failure>
</testcase>
<testcase classname="Validate the functionality of Add New Policy" name="CoreFlex - Verify behavior of ClientID field for Invalid data" time="28.605807">
<system-out><![CDATA[Given he has logged into 'Aires Policy Tool' application as a "Client Service Manager" user.passed
Given he has navigated to "Add New Policy Form" menu from left navigation of 'Aires Policy Tool' homepage.passed
When he enters invalid 123 in 'Client ID' dropdown list.....................passed
Then 'No items found' text should be displayed in dropdown list followed by 'Record does not exist' Error popup for Invalid 123.passed
And 'Policy Name' dropdown list should not be displayed for Invalid 123.....passed
]]></system-out>
</testcase>
<testcase classname="Validate the functionality of Add New Policy" name="CoreFlex - Verify behavior of ClientID field for Invalid data 2" time="29.079152">
<system-out><![CDATA[Given he has logged into 'Aires Policy Tool' application as a "Client Service Manager" user.passed
Given he has navigated to "Add New Policy Form" menu from left navigation of 'Aires Policy Tool' homepage.passed
When he enters invalid 10002 in 'Client ID' dropdown list...................passed
Then 'No items found' text should be displayed in dropdown list followed by 'Record does not exist' Error popup for Invalid 10002.passed
And 'Policy Name' dropdown list should not be displayed for Invalid 10002...passed
]]></system-out>
</testcase>
<testcase classname="Validate the functionality of Add New Policy" name="CoreFlex - Verify behavior of ClientID field for Invalid data 3" time="28.051719">
<system-out><![CDATA[Given he has logged into 'Aires Policy Tool' application as a "Client Service Manager" user.passed
Given he has navigated to "Add New Policy Form" menu from left navigation of 'Aires Policy Tool' homepage.passed
When he enters invalid zzz in 'Client ID' dropdown list.....................passed
Then 'No items found' text should be displayed in dropdown list followed by 'Record does not exist' Error popup for Invalid zzz.passed
And 'Policy Name' dropdown list should not be displayed for Invalid zzz.....passed
]]></system-out>
</testcase>
<testcase classname="Validate the functionality of Add New Policy" name="CoreFlex - Verify behavior of ClientID field for Invalid data 4" time="28.21903">
<system-out><![CDATA[Given he has logged into 'Aires Policy Tool' application as a "Client Service Manager" user.passed
Given he has navigated to "Add New Policy Form" menu from left navigation of 'Aires Policy Tool' homepage.passed
When he enters invalid Euiqfax in 'Client ID' dropdown list.................passed
Then 'No items found' text should be displayed in dropdown list followed by 'Record does not exist' Error popup for Invalid Euiqfax.passed
And 'Policy Name' dropdown list should not be displayed for Invalid Euiqfax.passed
]]></system-out>
</testcase>
<testcase classname="Validate the functionality of Add New Policy" name="CoreFlex - Verify user is navigated to 'General Information' page after clicking on Next button" time="40.923789">
<system-out><![CDATA[Given he has logged into 'Aires Policy Tool' application as a "Client Service Manager" user.passed
Given he has navigated to "Add New Policy Form" menu from left navigation of 'Aires Policy Tool' homepage.passed
And he has entered a valid "49211" in 'Client ID' dropdown list.............passed
And he has selected a policy from 'Policy Name' dropdown list...............passed
When he clicks on 'Next' button.............................................passed
Then user should be navigated to the "General Information" page of the selected Client Policy.passed
]]></system-out>
</testcase>
</testsuite>
