<?xml version="1.0" encoding="UTF-8"?>
<!-- Generated by org.testng.reporters.JUnitXMLReporter -->
<testsuite hostname="corpprdvw513" name="SmokeTests Execution" tests="3" failures="0" timestamp="13 Jul 2020 10:53:29 GMT" time="202.431" errors="0">
  <testcase name="feature" time="96.81" classname="runner.TestRunner"/>
  <testcase name="feature" time="47.091" classname="runner.TestRunner"/>
  <testcase name="feature" time="56.25" classname="runner.TestRunner"/>
</testsuite> <!-- SmokeTests Execution -->
